Flutter crash report.
Please report a bug at https://github.com/flutter/flutter/issues.

## command

flutter run -d web-server --web-hostname 127.0.0.1 --web-port 4310

## exception

_TypeError: Null check operator used on a null value

```
#0      loadDwdsDirectory (package:flutter_tools/src/isolated/web_server_utlities.dart:37:52)
<asynchronous suspension>
#1      WebAssetServer.start (package:flutter_tools/src/isolated/web_asset_server.dart:301:33)
<asynchronous suspension>
#2      WebDevFS.create (package:flutter_tools/src/isolated/devfs_web.dart:201:22)
<asynchronous suspension>
#3      ResidentWebRunner.run.<anonymous closure> (package:flutter_tools/src/isolated/resident_web_runner.dart:320:19)
<asynchronous suspension>
#4      asyncGuard.<anonymous closure> (package:flutter_tools/src/base/async_guard.dart:108:24)
<asynchronous suspension>
```

## flutter doctor

```
[✓] Flutter (Channel stable, 3.38.7, on Microsoft Windows [versÆo 10.0.19045.6466], locale pt-BR) [1.722ms]
    • Flutter version 3.38.7 on channel stable at C:\flutter
    • Upstream repository https://github.com/flutter/flutter.git
    • Framework revision 3b62efc2a3 (3 months ago), 2026-01-13 13:47:42 -0800
    • Engine revision 78fc3012e4
    • Dart version 3.10.7
    • DevTools version 2.51.1
    • Feature flags: enable-web, enable-linux-desktop, enable-macos-desktop, enable-windows-desktop, enable-android, enable-ios, cli-animations, enable-native-assets, omit-legacy-version-file, enable-lldb-debugging

[✓] Windows Version (10 Home Single Language 64 bits, 22H2, 2009) [6,8s]

[!] Android toolchain - develop for Android devices (Android SDK version 36.1.0) [15,1s]
    • Android SDK at C:\Users\roney\AppData\Local\Android\sdk
    • Emulator version 36.3.10.0 (build_id 14472402) (CL:N/A)
    ✗ cmdline-tools component is missing.
      Try installing or updating Android Studio.
      Alternatively, download the tools from https://developer.android.com/studio#command-line-tools-only and make sure to set the ANDROID_HOME environment variable.
      See https://developer.android.com/studio/command-line for more details.
    ✗ Android license status unknown.
      Run `flutter doctor --android-licenses` to accept the SDK licenses.
      See https://flutter.dev/to/windows-android-setup for more details.

[✓] Chrome - develop for the web [16ms]
    • Chrome at C:\Program Files\Google\Chrome\Application\chrome.exe

[✗] Visual Studio - develop Windows apps [14ms]
    ✗ Visual Studio not installed; this is necessary to develop Windows apps.
      Download at https://visualstudio.microsoft.com/downloads/.
      Please install the "Desktop development with C++" workload, including all of its default components

[✓] Connected device (4 available) [3,2s]
    • Windows (desktop) • windows    • windows-x64    • Microsoft Windows [versÆo 10.0.19045.6466]
    • Web Server (web)  • web-server • web-javascript • Flutter Tools
    • Chrome (web)      • chrome     • web-javascript • Google Chrome 146.0.7680.165
    • Edge (web)        • edge       • web-javascript • Microsoft Edge 146.0.3856.72

[✓] Network resources [3,1s]
    • All expected network resources are available.

! Doctor found issues in 2 categories.
```
